2024-12-20 00:22:31,516 - INFO - Logging initialized. Log file: output\logs\video_creator_20241220_002231.log
2024-12-20 00:22:31,516 - INFO - Starting video creation process
2024-12-20 00:22:31,517 - INFO - All assets validated successfully!
2024-12-20 00:22:31,517 - INFO - Processing inputs...
2024-12-20 00:22:31,517 - DEBUG - Reading audio files and processing images
2024-12-20 00:22:31,555 - DEBUG - subprocess.call(['ffmpeg', '-y', '-i', 'assets\\narration.mp3', '-acodec', 'pcm_s16le', '-vn', '-f', 'wav', '-'])
2024-12-20 00:22:31,626 - DEBUG - tag: Orientation (274) - type: short (3) - value: b'\x00\x01'
2024-12-20 00:22:31,626 - DEBUG - tag: XResolution (282) - type: rational (5) Tag Location: 34 - Data Location: 98 - value: b"\x00\x0e\xa6\x00\x00\x00'\x10"
2024-12-20 00:22:31,626 - DEBUG - tag: YResolution (283) - type: rational (5) Tag Location: 46 - Data Location: 106 - value: b"\x00\x0e\xa6\x00\x00\x00'\x10"
2024-12-20 00:22:31,626 - DEBUG - tag: ResolutionUnit (296) - type: short (3) - value: b'\x00\x02'
2024-12-20 00:22:31,626 - DEBUG - tag: Software (305) - type: string (2) Tag Location: 70 - Data Location: 114 - value: <table: 33 bytes>
2024-12-20 00:22:31,626 - DEBUG - tag: DateTime (306) - type: string (2) Tag Location: 82 - Data Location: 147 - value: b'2022:05:25 09:43:10\x00'
2024-12-20 00:22:31,626 - DEBUG - tag: ExifIFD (34665) - type: long (4) - value: b'\x00\x00\x00\xa8'
2024-12-20 00:22:32,006 - DEBUG - STREAM b'IHDR' 16 13
2024-12-20 00:22:32,006 - DEBUG - STREAM b'PLTE' 41 129
2024-12-20 00:22:32,006 - DEBUG - STREAM b'IDAT' 182 1781
2024-12-20 00:22:32,031 - DEBUG - Audio duration: 45.38s
2024-12-20 00:22:32,031 - DEBUG - Number of images: 10
2024-12-20 00:22:32,031 - INFO - Creating timeline...
2024-12-20 00:22:32,031 - DEBUG - Calculating image durations and transitions
2024-12-20 00:22:32,032 - INFO - Assembling video...
2024-12-20 00:22:32,032 - DEBUG - Creating video clips from images
2024-12-20 00:22:32,032 - DEBUG - Loading timeline from output\sync_log.txt
2024-12-20 00:22:32,033 - DEBUG - Loaded timeline with 10 entries
2024-12-20 00:22:32,033 - DEBUG - Processing image 1/10: assets\3896402e-77fe-4fc7-8368-823bbe803ea6.__CR0,0,970,600_PT0_SX970_V1___.jpg
2024-12-20 00:22:32,033 - DEBUG - tag: Orientation (274) - type: short (3) - value: b'\x00\x01'
2024-12-20 00:22:32,033 - DEBUG - tag: XResolution (282) - type: rational (5) Tag Location: 34 - Data Location: 98 - value: b"\x00\x0e\xa6\x00\x00\x00'\x10"
2024-12-20 00:22:32,033 - DEBUG - tag: YResolution (283) - type: rational (5) Tag Location: 46 - Data Location: 106 - value: b"\x00\x0e\xa6\x00\x00\x00'\x10"
2024-12-20 00:22:32,033 - DEBUG - tag: ResolutionUnit (296) - type: short (3) - value: b'\x00\x02'
2024-12-20 00:22:32,033 - DEBUG - tag: Software (305) - type: string (2) Tag Location: 70 - Data Location: 114 - value: <table: 33 bytes>
2024-12-20 00:22:32,033 - DEBUG - tag: DateTime (306) - type: string (2) Tag Location: 82 - Data Location: 147 - value: b'2022:05:25 09:43:10\x00'
2024-12-20 00:22:32,033 - DEBUG - tag: ExifIFD (34665) - type: long (4) - value: b'\x00\x00\x00\xa8'
2024-12-20 00:22:32,064 - DEBUG - Processing image 2/10: assets\81ef275effa427553a847bc220bebe1dc314b2e79d00333f94a6bcadd7cce851.jpg
2024-12-20 00:22:32,157 - DEBUG - Processing image 3/10: assets\article_full@3x.jpg
2024-12-20 00:22:32,208 - DEBUG - Processing image 4/10: assets\Batman-The-Enemy-Within-Episode-2-pc-games1.jpg
2024-12-20 00:22:32,241 - DEBUG - Processing image 5/10: assets\download (1).jpg
2024-12-20 00:22:32,288 - DEBUG - Processing image 6/10: assets\download (2).jpg
2024-12-20 00:22:32,332 - DEBUG - Processing image 7/10: assets\download (3).jpg
2024-12-20 00:22:32,365 - DEBUG - Processing image 8/10: assets\download.jpg
2024-12-20 00:22:32,409 - DEBUG - Processing image 9/10: assets\download.png
2024-12-20 00:22:32,409 - DEBUG - STREAM b'IHDR' 16 13
2024-12-20 00:22:32,409 - DEBUG - STREAM b'PLTE' 41 129
2024-12-20 00:22:32,409 - DEBUG - STREAM b'IDAT' 182 1781
2024-12-20 00:22:32,413 - DEBUG - Processing image 10/10: assets\images.jpg
2024-12-20 00:22:32,672 - INFO - Exporting videos in different formats...
2024-12-20 00:22:32,672 - INFO - Exporting 16:9 version...
2024-12-20 00:22:52,501 - ERROR - Failed to export 16:9 version: could not broadcast input array from shape (1080,1920) into shape (1080,1920,3)
2024-12-20 00:22:52,501 - INFO - Exporting 9:16 version...
2024-12-20 00:23:32,305 - ERROR - Failed to export 9:16 version: could not broadcast input array from shape (1080,1920) into shape (1080,1920,3)
2024-12-20 00:23:32,306 - INFO - Exporting 1:1 version...
2024-12-20 00:24:03,486 - ERROR - Failed to export 1:1 version: could not broadcast input array from shape (1080,1920) into shape (1080,1920,3)
2024-12-20 00:24:03,487 - INFO - Processing complete! Videos exported to output directory
