2024-12-20 00:21:50,560 - INFO - Logging initialized. Log file: output\logs\video_creator_20241220_002150.log
2024-12-20 00:21:50,560 - INFO - Starting video creation process
2024-12-20 00:21:50,560 - INFO - All assets validated successfully!
2024-12-20 00:21:50,560 - INFO - Processing inputs...
2024-12-20 00:21:50,560 - DEBUG - Reading audio files and processing images
2024-12-20 00:21:50,598 - DEBUG - subprocess.call(['ffmpeg', '-y', '-i', 'assets\\narration.mp3', '-acodec', 'pcm_s16le', '-vn', '-f', 'wav', '-'])
2024-12-20 00:21:50,665 - DEBUG - tag: Orientation (274) - type: short (3) - value: b'\x00\x01'
2024-12-20 00:21:50,667 - DEBUG - tag: XResolution (282) - type: rational (5) Tag Location: 34 - Data Location: 98 - value: b"\x00\x0e\xa6\x00\x00\x00'\x10"
2024-12-20 00:21:50,667 - DEBUG - tag: YResolution (283) - type: rational (5) Tag Location: 46 - Data Location: 106 - value: b"\x00\x0e\xa6\x00\x00\x00'\x10"
2024-12-20 00:21:50,667 - DEBUG - tag: ResolutionUnit (296) - type: short (3) - value: b'\x00\x02'
2024-12-20 00:21:50,667 - DEBUG - tag: Software (305) - type: string (2) Tag Location: 70 - Data Location: 114 - value: <table: 33 bytes>
2024-12-20 00:21:50,667 - DEBUG - tag: DateTime (306) - type: string (2) Tag Location: 82 - Data Location: 147 - value: b'2022:05:25 09:43:10\x00'
2024-12-20 00:21:50,667 - DEBUG - tag: ExifIFD (34665) - type: long (4) - value: b'\x00\x00\x00\xa8'
2024-12-20 00:21:51,050 - DEBUG - STREAM b'IHDR' 16 13
2024-12-20 00:21:51,050 - DEBUG - STREAM b'PLTE' 41 129
2024-12-20 00:21:51,050 - DEBUG - STREAM b'IDAT' 182 1781
2024-12-20 00:21:51,074 - DEBUG - Audio duration: 45.38s
2024-12-20 00:21:51,074 - DEBUG - Number of images: 10
2024-12-20 00:21:51,074 - INFO - Creating timeline...
2024-12-20 00:21:51,075 - DEBUG - Calculating image durations and transitions
2024-12-20 00:21:51,075 - INFO - Assembling video...
2024-12-20 00:21:51,075 - DEBUG - Creating video clips from images
2024-12-20 00:21:51,075 - DEBUG - Loading timeline from output\sync_log.txt
2024-12-20 00:21:51,076 - DEBUG - Loaded timeline with 10 entries
2024-12-20 00:21:51,076 - DEBUG - Processing image 1/10: assets\3896402e-77fe-4fc7-8368-823bbe803ea6.__CR0,0,970,600_PT0_SX970_V1___.jpg
2024-12-20 00:21:51,076 - DEBUG - tag: Orientation (274) - type: short (3) - value: b'\x00\x01'
2024-12-20 00:21:51,076 - DEBUG - tag: XResolution (282) - type: rational (5) Tag Location: 34 - Data Location: 98 - value: b"\x00\x0e\xa6\x00\x00\x00'\x10"
2024-12-20 00:21:51,076 - DEBUG - tag: YResolution (283) - type: rational (5) Tag Location: 46 - Data Location: 106 - value: b"\x00\x0e\xa6\x00\x00\x00'\x10"
2024-12-20 00:21:51,076 - DEBUG - tag: ResolutionUnit (296) - type: short (3) - value: b'\x00\x02'
2024-12-20 00:21:51,076 - DEBUG - tag: Software (305) - type: string (2) Tag Location: 70 - Data Location: 114 - value: <table: 33 bytes>
2024-12-20 00:21:51,076 - DEBUG - tag: DateTime (306) - type: string (2) Tag Location: 82 - Data Location: 147 - value: b'2022:05:25 09:43:10\x00'
2024-12-20 00:21:51,076 - DEBUG - tag: ExifIFD (34665) - type: long (4) - value: b'\x00\x00\x00\xa8'
2024-12-20 00:21:51,107 - DEBUG - Processing image 2/10: assets\81ef275effa427553a847bc220bebe1dc314b2e79d00333f94a6bcadd7cce851.jpg
2024-12-20 00:21:51,201 - DEBUG - Processing image 3/10: assets\article_full@3x.jpg
2024-12-20 00:21:51,251 - DEBUG - Processing image 4/10: assets\Batman-The-Enemy-Within-Episode-2-pc-games1.jpg
2024-12-20 00:21:51,284 - DEBUG - Processing image 5/10: assets\download (1).jpg
2024-12-20 00:21:51,331 - DEBUG - Processing image 6/10: assets\download (2).jpg
2024-12-20 00:21:51,375 - DEBUG - Processing image 7/10: assets\download (3).jpg
2024-12-20 00:21:51,407 - DEBUG - Processing image 8/10: assets\download.jpg
2024-12-20 00:21:51,451 - DEBUG - Processing image 9/10: assets\download.png
2024-12-20 00:21:51,452 - DEBUG - STREAM b'IHDR' 16 13
2024-12-20 00:21:51,452 - DEBUG - STREAM b'PLTE' 41 129
2024-12-20 00:21:51,452 - DEBUG - STREAM b'IDAT' 182 1781
2024-12-20 00:21:51,455 - DEBUG - Processing image 10/10: assets\images.jpg
2024-12-20 00:21:51,726 - ERROR - Error during processing: 'AudioFileClip' object has no attribute 'mix'
Traceback (most recent call last):
  File "C:\Users\justi\Desktop\assembly-pipeline\main.py", line 281, in main
    final_clip = assemble_video()
                 ^^^^^^^^^^^^^^^^
  File "C:\Users\justi\Desktop\assembly-pipeline\main.py", line 203, in assemble_video
    final_audio = final_audio.mix(background_music.audio_fadeout(2))
                  ^^^^^^^^^^^^^^^
AttributeError: 'AudioFileClip' object has no attribute 'mix'
